  [1m[36m (1.7ms)[0m  [1mCREATE TABLE "schema_migrations" ("version" varchar NOT NULL) [0m
  [1m[35m (0.1ms)[0m  select sqlite_version(*)
  [1m[36m (1.6ms)[0m  [1mCREATE UNIQUE INDEX "unique_schema_migrations" ON "schema_migrations" ("version")[0m
  [1m[35mActiveRecord::SchemaMigration Load (0.1ms)[0m  SELECT "schema_migrations".* FROM "schema_migrations"


Started GET "/" for ::1 at 2015-11-17 17:47:54 -0600
Processing by Rails::WelcomeController#index as HTML
  Rendered /Users/admin/.rvm/gems/ruby-2.1.2/gems/railties-4.2.3/lib/rails/templates/rails/welcome/index.html.erb (2.8ms)
Completed 200 OK in 27ms (Views: 19.4ms | ActiveRecord: 0.0ms)
  [1m[36mActiveRecord::SchemaMigration Load (0.1ms)[0m  [1mSELECT "schema_migrations".* FROM "schema_migrations"[0m
Migrating to CreateStudents (1)
  [1m[35m (0.1ms)[0m  begin transaction
  [1m[36m (0.4ms)[0m  [1mCREATE TABLE "students" ("id" INTEGER PRIMARY KEY AUTOINCREMENT NOT NULL, "first_name" varchar, "last_name" varchar, "created_at" datetime NOT NULL, "updated_at" datetime NOT NULL) [0m
  [1m[35mSQL (0.3ms)[0m  INSERT INTO "schema_migrations" ("version") VALUES (?)  [["version", "1"]]
  [1m[36m (1.4ms)[0m  [1mcommit transaction[0m
  [1m[35mActiveRecord::SchemaMigration Load (0.1ms)[0m  SELECT "schema_migrations".* FROM "schema_migrations"
  [1m[36m (0.1ms)[0m  [1mbegin transaction[0m
  [1m[35mSQL (0.3ms)[0m  INSERT INTO "students" ("first_name", "last_name", "created_at", "updated_at") VALUES (?, ?, ?, ?)  [["first_name", "Jordan"], ["last_name", "Hudgens"], ["created_at", "2015-11-18 00:10:55.545365"], ["updated_at", "2015-11-18 00:10:55.545365"]]
  [1m[36m (2.9ms)[0m  [1mcommit transaction[0m
  [1m[35mStudent Load (0.2ms)[0m  SELECT  "students".* FROM "students"  ORDER BY "students"."id" DESC LIMIT 1
  [1m[36m (0.1ms)[0m  [1mbegin transaction[0m
  [1m[35mSQL (0.3ms)[0m  INSERT INTO "students" ("created_at", "updated_at") VALUES (?, ?)  [["created_at", "2015-11-18 00:17:49.095449"], ["updated_at", "2015-11-18 00:17:49.095449"]]
  [1m[36m (1.2ms)[0m  [1mcommit transaction[0m
  [1m[35mStudent Load (0.2ms)[0m  SELECT  "students".* FROM "students"  ORDER BY "students"."id" DESC LIMIT 1
  [1m[36mActiveRecord::SchemaMigration Load (0.1ms)[0m  [1mSELECT "schema_migrations".* FROM "schema_migrations"[0m
  [1m[35mActiveRecord::SchemaMigration Load (0.1ms)[0m  SELECT "schema_migrations".* FROM "schema_migrations"


Started GET "/" for ::1 at 2015-11-18 13:36:42 -0600
  [1m[36mActiveRecord::SchemaMigration Load (0.1ms)[0m  [1mSELECT "schema_migrations".* FROM "schema_migrations"[0m
Processing by Rails::WelcomeController#index as HTML
  Rendered /Users/admin/.rvm/gems/ruby-2.1.2/gems/railties-4.2.3/lib/rails/templates/rails/welcome/index.html.erb (2.4ms)
Completed 200 OK in 39ms (Views: 24.5ms | ActiveRecord: 0.0ms)


Started GET "/" for ::1 at 2015-11-18 13:37:10 -0600
Processing by Rails::WelcomeController#index as HTML
  Rendered /Users/admin/.rvm/gems/ruby-2.1.2/gems/railties-4.2.3/lib/rails/templates/rails/welcome/index.html.erb (0.0ms)
Completed 200 OK in 1ms (Views: 0.7ms | ActiveRecord: 0.0ms)
  [1m[36mActiveRecord::SchemaMigration Load (0.1ms)[0m  [1mSELECT "schema_migrations".* FROM "schema_migrations"[0m
  [1m[35mActiveRecord::SchemaMigration Load (0.1ms)[0m  SELECT "schema_migrations".* FROM "schema_migrations"
  [1m[36mActiveRecord::SchemaMigration Load (0.1ms)[0m  [1mSELECT "schema_migrations".* FROM "schema_migrations"[0m
  [1m[35mActiveRecord::SchemaMigration Load (0.1ms)[0m  SELECT "schema_migrations".* FROM "schema_migrations"
  [1m[36mStudent Load (1.8ms)[0m  [1mSELECT "students".* FROM "students"[0m
  [1m[36m (12.5ms)[0m  [1mCREATE TABLE "schema_migrations" ("version" varchar NOT NULL) [0m
  [1m[35m (1.4ms)[0m  select sqlite_version(*)
  [1m[36m (4.4ms)[0m  [1mCREATE UNIQUE INDEX "unique_schema_migrations" ON "schema_migrations" ("version")[0m
  [1m[35mActiveRecord::SchemaMigration Load (0.1ms)[0m  SELECT "schema_migrations".* FROM "schema_migrations"
  [1m[36mActiveRecord::SchemaMigration Load (0.1ms)[0m  [1mSELECT "schema_migrations".* FROM "schema_migrations"[0m
Migrating to CreateStudents (1)
  [1m[35m (0.1ms)[0m  begin transaction
  [1m[36m (0.6ms)[0m  [1mCREATE TABLE "students" ("id" INTEGER PRIMARY KEY AUTOINCREMENT NOT NULL, "first_name" varchar, "last_name" varchar, "created_at" datetime NOT NULL, "updated_at" datetime NOT NULL) [0m
  [1m[35mSQL (0.3ms)[0m  INSERT INTO "schema_migrations" ("version") VALUES (?)  [["version", "1"]]
  [1m[36m (1.4ms)[0m  [1mcommit transaction[0m
  [1m[35mActiveRecord::SchemaMigration Load (0.1ms)[0m  SELECT "schema_migrations".* FROM "schema_migrations"
  [1m[36mActiveRecord::SchemaMigration Load (0.1ms)[0m  [1mSELECT "schema_migrations".* FROM "schema_migrations"[0m
  [1m[36mActiveRecord::SchemaMigration Load (0.1ms)[0m  [1mSELECT "schema_migrations".* FROM "schema_migrations"[0m
  [1m[36mActiveRecord::SchemaMigration Load (0.1ms)[0m  [1mSELECT "schema_migrations".* FROM "schema_migrations"[0m
  [1m[36mActiveRecord::SchemaMigration Load (0.1ms)[0m  [1mSELECT "schema_migrations".* FROM "schema_migrations"[0m
  [1m[35m (0.1ms)[0m  begin transaction
  [1m[36mSQL (1.5ms)[0m  [1mINSERT INTO "students" ("first_name", "last_name", "created_at", "updated_at") VALUES (?, ?, ?, ?)[0m  [["first_name", "Rick"], ["last_name", "Sanchez"], ["created_at", "2017-11-27 21:49:00.630782"], ["updated_at", "2017-11-27 21:49:00.630782"]]
  [1m[35m (1.0ms)[0m  commit transaction
  [1m[36m (0.1ms)[0m  [1mbegin transaction[0m
  [1m[35mSQL (0.3ms)[0m  INSERT INTO "students" ("first_name", "last_name", "created_at", "updated_at") VALUES (?, ?, ?, ?)  [["first_name", "Morty"], ["last_name", "Smith"], ["created_at", "2017-11-27 21:49:00.640060"], ["updated_at", "2017-11-27 21:49:00.640060"]]
  [1m[36m (0.8ms)[0m  [1mcommit transaction[0m
  [1m[36mStudent Load (1.3ms)[0m  [1mSELECT "students".* FROM "students"[0m
  [1m[36mActiveRecord::SchemaMigration Load (0.3ms)[0m  [1mSELECT "schema_migrations".* FROM "schema_migrations"[0m
  [1m[35mActiveRecord::SchemaMigration Load (0.1ms)[0m  SELECT "schema_migrations".* FROM "schema_migrations"
  [1m[36mActiveRecord::SchemaMigration Load (0.1ms)[0m  [1mSELECT "schema_migrations".* FROM "schema_migrations"[0m
  [1m[35m (0.0ms)[0m  begin transaction
  [1m[36mSQL (1.2ms)[0m  [1mINSERT INTO "students" ("first_name", "last_name", "created_at", "updated_at") VALUES (?, ?, ?, ?)[0m  [["first_name", "Rick"], ["last_name", "Sanchez"], ["created_at", "2017-11-27 21:50:33.278104"], ["updated_at", "2017-11-27 21:50:33.278104"]]
  [1m[35m (1.1ms)[0m  commit transaction
  [1m[36m (0.1ms)[0m  [1mbegin transaction[0m
  [1m[35mSQL (0.3ms)[0m  INSERT INTO "students" ("first_name", "last_name", "created_at", "updated_at") VALUES (?, ?, ?, ?)  [["first_name", "Morty"], ["last_name", "Smith"], ["created_at", "2017-11-27 21:50:33.287825"], ["updated_at", "2017-11-27 21:50:33.287825"]]
  [1m[36m (0.7ms)[0m  [1mcommit transaction[0m
  [1m[36m (1.3ms)[0m  [1mCREATE TABLE "schema_migrations" ("version" varchar NOT NULL) [0m
  [1m[35m (0.1ms)[0m  select sqlite_version(*)
  [1m[36m (1.3ms)[0m  [1mCREATE UNIQUE INDEX "unique_schema_migrations" ON "schema_migrations" ("version")[0m
  [1m[35mActiveRecord::SchemaMigration Load (0.1ms)[0m  SELECT "schema_migrations".* FROM "schema_migrations"
Migrating to CreateStudents (1)
  [1m[36m (0.1ms)[0m  [1mbegin transaction[0m
  [1m[35m (0.7ms)[0m  CREATE TABLE "students" ("id" INTEGER PRIMARY KEY AUTOINCREMENT NOT NULL, "first_name" varchar, "last_name" varchar, "created_at" datetime NOT NULL, "updated_at" datetime NOT NULL) 
  [1m[36mSQL (0.8ms)[0m  [1mINSERT INTO "schema_migrations" ("version") VALUES (?)[0m  [["version", "1"]]
  [1m[35m (1.4ms)[0m  commit transaction
  [1m[36mActiveRecord::SchemaMigration Load (0.6ms)[0m  [1mSELECT "schema_migrations".* FROM "schema_migrations"[0m
  [1m[36mActiveRecord::SchemaMigration Load (0.1ms)[0m  [1mSELECT "schema_migrations".* FROM "schema_migrations"[0m
  [1m[35m (0.0ms)[0m  begin transaction
  [1m[36mSQL (0.5ms)[0m  [1mINSERT INTO "students" ("first_name", "last_name", "created_at", "updated_at") VALUES (?, ?, ?, ?)[0m  [["first_name", "Rick"], ["last_name", "Sanchez"], ["created_at", "2017-11-27 21:51:05.201787"], ["updated_at", "2017-11-27 21:51:05.201787"]]
  [1m[35m (1.0ms)[0m  commit transaction
  [1m[36m (0.1ms)[0m  [1mbegin transaction[0m
  [1m[35mSQL (0.3ms)[0m  INSERT INTO "students" ("first_name", "last_name", "created_at", "updated_at") VALUES (?, ?, ?, ?)  [["first_name", "Morty"], ["last_name", "Smith"], ["created_at", "2017-11-27 21:51:05.207095"], ["updated_at", "2017-11-27 21:51:05.207095"]]
  [1m[36m (0.8ms)[0m  [1mcommit transaction[0m
  [1m[36mStudent Load (1.6ms)[0m  [1mSELECT "students".* FROM "students"[0m
  [1m[36mActiveRecord::SchemaMigration Load (0.1ms)[0m  [1mSELECT "schema_migrations".* FROM "schema_migrations"[0m
  [1m[35mActiveRecord::SchemaMigration Load (0.1ms)[0m  SELECT "schema_migrations".* FROM "schema_migrations"
  [1m[36mActiveRecord::SchemaMigration Load (0.1ms)[0m  [1mSELECT "schema_migrations".* FROM "schema_migrations"[0m
  [1m[35m (0.0ms)[0m  begin transaction
  [1m[36mSQL (0.4ms)[0m  [1mINSERT INTO "students" ("first_name", "last_name", "created_at", "updated_at") VALUES (?, ?, ?, ?)[0m  [["first_name", "Rick"], ["last_name", "Sanchez"], ["created_at", "2017-11-27 22:36:20.068511"], ["updated_at", "2017-11-27 22:36:20.068511"]]
  [1m[35m (0.8ms)[0m  commit transaction
  [1m[36m (0.0ms)[0m  [1mbegin transaction[0m
  [1m[35mSQL (0.4ms)[0m  INSERT INTO "students" ("first_name", "last_name", "created_at", "updated_at") VALUES (?, ?, ?, ?)  [["first_name", "Morty"], ["last_name", "Smith"], ["created_at", "2017-11-27 22:36:20.073040"], ["updated_at", "2017-11-27 22:36:20.073040"]]
  [1m[36m (0.9ms)[0m  [1mcommit transaction[0m
  [1m[36mStudent Load (1.4ms)[0m  [1mSELECT "students".* FROM "students"[0m
  [1m[36m (1.5ms)[0m  [1mCREATE TABLE "students" ("id" INTEGER PRIMARY KEY AUTOINCREMENT NOT NULL, "first_name" varchar, "last_name" varchar, "created_at" datetime NOT NULL, "updated_at" datetime NOT NULL) [0m
  [1m[35m (2.8ms)[0m  CREATE TABLE "schema_migrations" ("version" varchar NOT NULL) 
  [1m[36m (0.4ms)[0m  [1mselect sqlite_version(*)[0m
  [1m[35m (1.5ms)[0m  CREATE UNIQUE INDEX "unique_schema_migrations" ON "schema_migrations" ("version")
  [1m[36m (1.2ms)[0m  [1mSELECT version FROM "schema_migrations"[0m
  [1m[35m (1.5ms)[0m  INSERT INTO "schema_migrations" (version) VALUES ('1')
  [1m[36m (1.3ms)[0m  [1mCREATE TABLE "students" ("id" INTEGER PRIMARY KEY AUTOINCREMENT NOT NULL, "first_name" varchar, "last_name" varchar, "created_at" datetime NOT NULL, "updated_at" datetime NOT NULL) [0m
  [1m[35m (3.2ms)[0m  CREATE TABLE "schema_migrations" ("version" varchar NOT NULL) 
  [1m[36m (0.1ms)[0m  [1mselect sqlite_version(*)[0m
  [1m[35m (6.0ms)[0m  CREATE UNIQUE INDEX "unique_schema_migrations" ON "schema_migrations" ("version")
  [1m[36m (0.2ms)[0m  [1mSELECT version FROM "schema_migrations"[0m
  [1m[35m (1.3ms)[0m  INSERT INTO "schema_migrations" (version) VALUES ('1')
  [1m[36mActiveRecord::SchemaMigration Load (0.1ms)[0m  [1mSELECT "schema_migrations".* FROM "schema_migrations"[0m
  [1m[35m (0.1ms)[0m  begin transaction
  [1m[36mSQL (0.5ms)[0m  [1mINSERT INTO "students" ("first_name", "last_name", "created_at", "updated_at") VALUES (?, ?, ?, ?)[0m  [["first_name", "Rick"], ["last_name", "Sanchez"], ["created_at", "2017-11-28 14:57:46.121937"], ["updated_at", "2017-11-28 14:57:46.121937"]]
  [1m[35m (1.0ms)[0m  commit transaction
  [1m[36m (0.2ms)[0m  [1mbegin transaction[0m
  [1m[35mSQL (0.9ms)[0m  INSERT INTO "students" ("first_name", "last_name", "created_at", "updated_at") VALUES (?, ?, ?, ?)  [["first_name", "Morty"], ["last_name", "Smith"], ["created_at", "2017-11-28 14:57:46.128328"], ["updated_at", "2017-11-28 14:57:46.128328"]]
  [1m[36m (1.4ms)[0m  [1mcommit transaction[0m
  [1m[36m (1.3ms)[0m  [1mCREATE TABLE "schema_migrations" ("version" varchar NOT NULL) [0m
  [1m[35m (0.1ms)[0m  select sqlite_version(*)
  [1m[36m (1.2ms)[0m  [1mCREATE UNIQUE INDEX "unique_schema_migrations" ON "schema_migrations" ("version")[0m
  [1m[35mActiveRecord::SchemaMigration Load (0.1ms)[0m  SELECT "schema_migrations".* FROM "schema_migrations"
Migrating to CreateStudents (1)
  [1m[36m (0.1ms)[0m  [1mbegin transaction[0m
  [1m[35m (0.7ms)[0m  CREATE TABLE "students" ("id" INTEGER PRIMARY KEY AUTOINCREMENT NOT NULL, "first_name" varchar, "last_name" varchar, "created_at" datetime NOT NULL, "updated_at" datetime NOT NULL) 
  [1m[36mSQL (0.2ms)[0m  [1mINSERT INTO "schema_migrations" ("version") VALUES (?)[0m  [["version", "1"]]
  [1m[35m (1.1ms)[0m  commit transaction
  [1m[36mActiveRecord::SchemaMigration Load (0.1ms)[0m  [1mSELECT "schema_migrations".* FROM "schema_migrations"[0m
  [1m[36m (1.7ms)[0m  [1mCREATE TABLE "schema_migrations" ("version" varchar NOT NULL) [0m
  [1m[35m (0.2ms)[0m  select sqlite_version(*)
  [1m[36m (1.0ms)[0m  [1mCREATE UNIQUE INDEX "unique_schema_migrations" ON "schema_migrations" ("version")[0m
  [1m[35mActiveRecord::SchemaMigration Load (0.1ms)[0m  SELECT "schema_migrations".* FROM "schema_migrations"
Migrating to CreateStudents (1)
  [1m[36m (0.1ms)[0m  [1mbegin transaction[0m
  [1m[35m (0.4ms)[0m  CREATE TABLE "students" ("id" INTEGER PRIMARY KEY AUTOINCREMENT NOT NULL, "first_name" varchar, "last_name" varchar, "created_at" datetime NOT NULL, "updated_at" datetime NOT NULL) 
  [1m[36mSQL (0.3ms)[0m  [1mINSERT INTO "schema_migrations" ("version") VALUES (?)[0m  [["version", "1"]]
  [1m[35m (0.9ms)[0m  commit transaction
  [1m[36mActiveRecord::SchemaMigration Load (0.2ms)[0m  [1mSELECT "schema_migrations".* FROM "schema_migrations"[0m
  [1m[36mActiveRecord::SchemaMigration Load (0.2ms)[0m  [1mSELECT "schema_migrations".* FROM "schema_migrations"[0m
  [1m[35m (0.1ms)[0m  begin transaction
  [1m[36mSQL (0.5ms)[0m  [1mINSERT INTO "students" ("first_name", "last_name", "created_at", "updated_at") VALUES (?, ?, ?, ?)[0m  [["first_name", "Rick"], ["last_name", "Sanchez"], ["created_at", "2017-11-28 15:01:02.840734"], ["updated_at", "2017-11-28 15:01:02.840734"]]
  [1m[35m (0.9ms)[0m  commit transaction
  [1m[36m (0.1ms)[0m  [1mbegin transaction[0m
  [1m[35mSQL (0.3ms)[0m  INSERT INTO "students" ("first_name", "last_name", "created_at", "updated_at") VALUES (?, ?, ?, ?)  [["first_name", "Morty"], ["last_name", "Smith"], ["created_at", "2017-11-28 15:01:02.845645"], ["updated_at", "2017-11-28 15:01:02.845645"]]
  [1m[36m (0.8ms)[0m  [1mcommit transaction[0m
  [1m[35m (1.4ms)[0m  [1m[35mCREATE TABLE "ar_internal_metadata" ("key" varchar NOT NULL PRIMARY KEY, "value" varchar, "created_at" datetime NOT NULL, "updated_at" datetime NOT NULL)[0m
  [1m[36mActiveRecord::SchemaMigration Load (0.1ms)[0m  [1m[34mSELECT "schema_migrations".* FROM "schema_migrations"[0m
  [1m[36mActiveRecord::InternalMetadata Load (0.1ms)[0m  [1m[34mSELECT  "ar_internal_metadata".* FROM "ar_internal_metadata" WHERE "ar_internal_metadata"."key" = ? LIMIT ?[0m  [["key", "environment"], ["LIMIT", 1]]
  [1m[35m (0.1ms)[0m  [1m[36mbegin transaction[0m
  [1m[35mSQL (0.4ms)[0m  [1m[32mINSERT INTO "ar_internal_metadata" ("key", "value", "created_at", "updated_at") VALUES (?, ?, ?, ?)[0m  [["key", "environment"], ["value", "development"], ["created_at", "2019-04-26 19:12:55.750360"], ["updated_at", "2019-04-26 19:12:55.750360"]]
  [1m[35m (1.2ms)[0m  [1m[36mcommit transaction[0m
  [1m[36mActiveRecord::SchemaMigration Load (0.1ms)[0m  [1m[34mSELECT "schema_migrations".* FROM "schema_migrations"[0m
  [1m[36mActiveRecord::SchemaMigration Load (0.1ms)[0m  [1m[34mSELECT "schema_migrations".* FROM "schema_migrations"[0m
  [1m[35m (0.1ms)[0m  [1m[36mbegin transaction[0m
  [1m[35mSQL (0.5ms)[0m  [1m[32mINSERT INTO "students" ("first_name", "last_name", "created_at", "updated_at") VALUES (?, ?, ?, ?)[0m  [["first_name", "Rick"], ["last_name", "Sanchez"], ["created_at", "2019-04-26 19:13:05.580072"], ["updated_at", "2019-04-26 19:13:05.580072"]]
  [1m[35m (1.4ms)[0m  [1m[36mcommit transaction[0m
  [1m[35m (0.1ms)[0m  [1m[36mbegin transaction[0m
  [1m[35mSQL (0.4ms)[0m  [1m[32mINSERT INTO "students" ("first_name", "last_name", "created_at", "updated_at") VALUES (?, ?, ?, ?)[0m  [["first_name", "Morty"], ["last_name", "Smith"], ["created_at", "2019-04-26 19:13:05.584879"], ["updated_at", "2019-04-26 19:13:05.584879"]]
  [1m[35m (0.9ms)[0m  [1m[36mcommit transaction[0m
Started GET "/" for ::1 at 2019-04-26 15:04:47 -0500
  [1m[36mActiveRecord::SchemaMigration Load (0.8ms)[0m  [1m[34mSELECT "schema_migrations".* FROM "schema_migrations"[0m
Processing by Rails::WelcomeController#index as HTML
  Parameters: {"internal"=>true}
  Rendering /Users/flatironstudentaccount/.rvm/gems/ruby-2.6.1/gems/railties-5.0.7.2/lib/rails/templates/rails/welcome/index.html.erb
  Rendered /Users/flatironstudentaccount/.rvm/gems/ruby-2.6.1/gems/railties-5.0.7.2/lib/rails/templates/rails/welcome/index.html.erb (4.6ms)
Completed 200 OK in 23ms (Views: 12.6ms | ActiveRecord: 0.0ms)


Started GET "/index" for ::1 at 2019-04-26 15:04:53 -0500
Processing by StudentsController#index as HTML
  Rendering students/index.html.erb within layouts/application
  Rendered students/index.html.erb within layouts/application (0.7ms)
Completed 500 Internal Server Error in 7ms (ActiveRecord: 0.0ms)


  
SyntaxError (/Users/flatironstudentaccount/Development/Module 2/rest/rails-restful-index-action-lab-houston-web-career-040119/app/views/students/index.html.erb:1: syntax error, unexpected ')', expecting '}'
...h {|student| puts student "\n");@output_buffer.to_s
...                              ^
/Users/flatironstudentaccount/Development/Module 2/rest/rails-restful-index-action-lab-houston-web-career-040119/app/views/students/index.html.erb:2: syntax error, unexpected ensure, expecting ')'
          ensure
          ^~~~~~
/Users/flatironstudentaccount/Development/Module 2/rest/rails-restful-index-action-lab-houston-web-career-040119/app/views/students/index.html.erb:4: syntax error, unexpected end, expecting ')'
          end
          ^~~):
  
app/views/students/index.html.erb:1: syntax error, unexpected ')', expecting '}'
app/views/students/index.html.erb:2: syntax error, unexpected ensure, expecting ')'
app/views/students/index.html.erb:4: syntax error, unexpected end, expecting ')'
  Rendering /Users/flatironstudentaccount/.rvm/gems/ruby-2.6.1/gems/actionpack-5.0.7.2/lib/action_dispatch/middleware/templates/rescues/diagnostics.html.erb within rescues/layout
  Rendering /Users/flatironstudentaccount/.rvm/gems/ruby-2.6.1/gems/actionpack-5.0.7.2/lib/action_dispatch/middleware/templates/rescues/_source.html.erb
  Rendered /Users/flatironstudentaccount/.rvm/gems/ruby-2.6.1/gems/actionpack-5.0.7.2/lib/action_dispatch/middleware/templates/rescues/_source.html.erb (6.6ms)
  Rendering /Users/flatironstudentaccount/.rvm/gems/ruby-2.6.1/gems/actionpack-5.0.7.2/lib/action_dispatch/middleware/templates/rescues/_trace.html.erb
  Rendered /Users/flatironstudentaccount/.rvm/gems/ruby-2.6.1/gems/actionpack-5.0.7.2/lib/action_dispatch/middleware/templates/rescues/_trace.html.erb (2.6ms)
  Rendering /Users/flatironstudentaccount/.rvm/gems/ruby-2.6.1/gems/actionpack-5.0.7.2/lib/action_dispatch/middleware/templates/rescues/_request_and_response.html.erb
  Rendered /Users/flatironstudentaccount/.rvm/gems/ruby-2.6.1/gems/actionpack-5.0.7.2/lib/action_dispatch/middleware/templates/rescues/_request_and_response.html.erb (0.8ms)
  Rendered /Users/flatironstudentaccount/.rvm/gems/ruby-2.6.1/gems/actionpack-5.0.7.2/lib/action_dispatch/middleware/templates/rescues/diagnostics.html.erb within rescues/layout (45.3ms)
Started GET "/index" for ::1 at 2019-04-26 15:05:38 -0500
Processing by StudentsController#index as HTML
  Rendering students/index.html.erb within layouts/application
  Rendered students/index.html.erb within layouts/application (0.5ms)
Completed 500 Internal Server Error in 5ms (ActiveRecord: 0.0ms)


  
SyntaxError (/Users/flatironstudentaccount/Development/Module 2/rest/rails-restful-index-action-lab-houston-web-career-040119/app/views/students/index.html.erb:1: syntax error, unexpected ')', expecting '}'
...h {|student| puts student "\n");@output_buffer.safe_append='
...                              ^
/Users/flatironstudentaccount/Development/Module 2/rest/rails-restful-index-action-lab-houston-web-career-040119/app/views/students/index.html.erb:2: syntax error, unexpected end, expecting ')'
'.freeze;end;@output_buffer.to_s
         ^~~
/Users/flatironstudentaccount/Development/Module 2/rest/rails-restful-index-action-lab-houston-web-career-040119/app/views/students/index.html.erb:3: syntax error, unexpected ensure, expecting ')'
          ensure
          ^~~~~~
/Users/flatironstudentaccount/Development/Module 2/rest/rails-restful-index-action-lab-houston-web-career-040119/app/views/students/index.html.erb:5: syntax error, unexpected end, expecting ')'
          end
          ^~~):
  
app/views/students/index.html.erb:1: syntax error, unexpected ')', expecting '}'
app/views/students/index.html.erb:2: syntax error, unexpected end, expecting ')'
app/views/students/index.html.erb:3: syntax error, unexpected ensure, expecting ')'
app/views/students/index.html.erb:5: syntax error, unexpected end, expecting ')'
  Rendering /Users/flatironstudentaccount/.rvm/gems/ruby-2.6.1/gems/actionpack-5.0.7.2/lib/action_dispatch/middleware/templates/rescues/diagnostics.html.erb within rescues/layout
  Rendering /Users/flatironstudentaccount/.rvm/gems/ruby-2.6.1/gems/actionpack-5.0.7.2/lib/action_dispatch/middleware/templates/rescues/_source.html.erb
  Rendered /Users/flatironstudentaccount/.rvm/gems/ruby-2.6.1/gems/actionpack-5.0.7.2/lib/action_dispatch/middleware/templates/rescues/_source.html.erb (2.8ms)
  Rendering /Users/flatironstudentaccount/.rvm/gems/ruby-2.6.1/gems/actionpack-5.0.7.2/lib/action_dispatch/middleware/templates/rescues/_trace.html.erb
  Rendered /Users/flatironstudentaccount/.rvm/gems/ruby-2.6.1/gems/actionpack-5.0.7.2/lib/action_dispatch/middleware/templates/rescues/_trace.html.erb (2.1ms)
  Rendering /Users/flatironstudentaccount/.rvm/gems/ruby-2.6.1/gems/actionpack-5.0.7.2/lib/action_dispatch/middleware/templates/rescues/_request_and_response.html.erb
  Rendered /Users/flatironstudentaccount/.rvm/gems/ruby-2.6.1/gems/actionpack-5.0.7.2/lib/action_dispatch/middleware/templates/rescues/_request_and_response.html.erb (0.9ms)
  Rendered /Users/flatironstudentaccount/.rvm/gems/ruby-2.6.1/gems/actionpack-5.0.7.2/lib/action_dispatch/middleware/templates/rescues/diagnostics.html.erb within rescues/layout (20.7ms)
Started GET "/index" for ::1 at 2019-04-26 15:05:46 -0500
Processing by StudentsController#index as HTML
  Rendering students/index.html.erb within layouts/application
  Rendered students/index.html.erb within layouts/application (0.6ms)
Completed 500 Internal Server Error in 4ms (ActiveRecord: 0.0ms)


  
SyntaxError (/Users/flatironstudentaccount/Development/Module 2/rest/rails-restful-index-action-lab-houston-web-career-040119/app/views/students/index.html.erb:1: syntax error, unexpected ')', expecting '}'
...h {|student| puts student "\n");@output_buffer.safe_append='
...                              ^
/Users/flatironstudentaccount/Development/Module 2/rest/rails-restful-index-action-lab-houston-web-career-040119/app/views/students/index.html.erb:2: syntax error, unexpected end, expecting ')'
'.freeze;end;@output_buffer.to_s
         ^~~
/Users/flatironstudentaccount/Development/Module 2/rest/rails-restful-index-action-lab-houston-web-career-040119/app/views/students/index.html.erb:3: syntax error, unexpected ensure, expecting ')'
          ensure
          ^~~~~~
/Users/flatironstudentaccount/Development/Module 2/rest/rails-restful-index-action-lab-houston-web-career-040119/app/views/students/index.html.erb:5: syntax error, unexpected end, expecting ')'
          end
          ^~~):
  
app/views/students/index.html.erb:1: syntax error, unexpected ')', expecting '}'
app/views/students/index.html.erb:2: syntax error, unexpected end, expecting ')'
app/views/students/index.html.erb:3: syntax error, unexpected ensure, expecting ')'
app/views/students/index.html.erb:5: syntax error, unexpected end, expecting ')'
  Rendering /Users/flatironstudentaccount/.rvm/gems/ruby-2.6.1/gems/actionpack-5.0.7.2/lib/action_dispatch/middleware/templates/rescues/diagnostics.html.erb within rescues/layout
  Rendering /Users/flatironstudentaccount/.rvm/gems/ruby-2.6.1/gems/actionpack-5.0.7.2/lib/action_dispatch/middleware/templates/rescues/_source.html.erb
  Rendered /Users/flatironstudentaccount/.rvm/gems/ruby-2.6.1/gems/actionpack-5.0.7.2/lib/action_dispatch/middleware/templates/rescues/_source.html.erb (3.7ms)
  Rendering /Users/flatironstudentaccount/.rvm/gems/ruby-2.6.1/gems/actionpack-5.0.7.2/lib/action_dispatch/middleware/templates/rescues/_trace.html.erb
  Rendered /Users/flatironstudentaccount/.rvm/gems/ruby-2.6.1/gems/actionpack-5.0.7.2/lib/action_dispatch/middleware/templates/rescues/_trace.html.erb (2.0ms)
  Rendering /Users/flatironstudentaccount/.rvm/gems/ruby-2.6.1/gems/actionpack-5.0.7.2/lib/action_dispatch/middleware/templates/rescues/_request_and_response.html.erb
  Rendered /Users/flatironstudentaccount/.rvm/gems/ruby-2.6.1/gems/actionpack-5.0.7.2/lib/action_dispatch/middleware/templates/rescues/_request_and_response.html.erb (0.7ms)
  Rendered /Users/flatironstudentaccount/.rvm/gems/ruby-2.6.1/gems/actionpack-5.0.7.2/lib/action_dispatch/middleware/templates/rescues/diagnostics.html.erb within rescues/layout (22.3ms)
Started GET "/index" for ::1 at 2019-04-26 15:06:33 -0500
Processing by StudentsController#index as HTML
  Rendering students/index.html.erb within layouts/application
  Rendered students/index.html.erb within layouts/application (0.7ms)
Completed 500 Internal Server Error in 5ms (ActiveRecord: 0.0ms)


  
SyntaxError (/Users/flatironstudentaccount/Development/Module 2/rest/rails-restful-index-action-lab-houston-web-career-040119/app/views/students/index.html.erb:1: syntax error, unexpected ')', expecting '}'
...s.each {|student| puts student);@output_buffer.safe_append='
...                              ^
/Users/flatironstudentaccount/Development/Module 2/rest/rails-restful-index-action-lab-houston-web-career-040119/app/views/students/index.html.erb:2: syntax error, unexpected end, expecting ')'
'.freeze;end;@output_buffer.to_s
         ^~~
/Users/flatironstudentaccount/Development/Module 2/rest/rails-restful-index-action-lab-houston-web-career-040119/app/views/students/index.html.erb:3: syntax error, unexpected ensure, expecting ')'
          ensure
          ^~~~~~
/Users/flatironstudentaccount/Development/Module 2/rest/rails-restful-index-action-lab-houston-web-career-040119/app/views/students/index.html.erb:5: syntax error, unexpected end, expecting ')'
          end
          ^~~):
  
app/views/students/index.html.erb:1: syntax error, unexpected ')', expecting '}'
app/views/students/index.html.erb:2: syntax error, unexpected end, expecting ')'
app/views/students/index.html.erb:3: syntax error, unexpected ensure, expecting ')'
app/views/students/index.html.erb:5: syntax error, unexpected end, expecting ')'
  Rendering /Users/flatironstudentaccount/.rvm/gems/ruby-2.6.1/gems/actionpack-5.0.7.2/lib/action_dispatch/middleware/templates/rescues/diagnostics.html.erb within rescues/layout
  Rendering /Users/flatironstudentaccount/.rvm/gems/ruby-2.6.1/gems/actionpack-5.0.7.2/lib/action_dispatch/middleware/templates/rescues/_source.html.erb
  Rendered /Users/flatironstudentaccount/.rvm/gems/ruby-2.6.1/gems/actionpack-5.0.7.2/lib/action_dispatch/middleware/templates/rescues/_source.html.erb (2.9ms)
  Rendering /Users/flatironstudentaccount/.rvm/gems/ruby-2.6.1/gems/actionpack-5.0.7.2/lib/action_dispatch/middleware/templates/rescues/_trace.html.erb
  Rendered /Users/flatironstudentaccount/.rvm/gems/ruby-2.6.1/gems/actionpack-5.0.7.2/lib/action_dispatch/middleware/templates/rescues/_trace.html.erb (2.2ms)
  Rendering /Users/flatironstudentaccount/.rvm/gems/ruby-2.6.1/gems/actionpack-5.0.7.2/lib/action_dispatch/middleware/templates/rescues/_request_and_response.html.erb
  Rendered /Users/flatironstudentaccount/.rvm/gems/ruby-2.6.1/gems/actionpack-5.0.7.2/lib/action_dispatch/middleware/templates/rescues/_request_and_response.html.erb (0.9ms)
  Rendered /Users/flatironstudentaccount/.rvm/gems/ruby-2.6.1/gems/actionpack-5.0.7.2/lib/action_dispatch/middleware/templates/rescues/diagnostics.html.erb within rescues/layout (19.2ms)
Started GET "/index" for ::1 at 2019-04-26 15:07:30 -0500
Processing by StudentsController#index as HTML
  Rendering students/index.html.erb within layouts/application
  Rendered students/index.html.erb within layouts/application (0.5ms)
Completed 500 Internal Server Error in 6ms (ActiveRecord: 0.0ms)


  
SyntaxError (/Users/flatironstudentaccount/Development/Module 2/rest/rails-restful-index-action-lab-houston-web-career-040119/app/views/students/index.html.erb:3: syntax error, unexpected ensure, expecting end-of-input
          ensure
          ^~~~~~):
  
app/views/students/index.html.erb:3: syntax error, unexpected ensure, expecting end-of-input
  Rendering /Users/flatironstudentaccount/.rvm/gems/ruby-2.6.1/gems/actionpack-5.0.7.2/lib/action_dispatch/middleware/templates/rescues/diagnostics.html.erb within rescues/layout
  Rendering /Users/flatironstudentaccount/.rvm/gems/ruby-2.6.1/gems/actionpack-5.0.7.2/lib/action_dispatch/middleware/templates/rescues/_source.html.erb
  Rendered /Users/flatironstudentaccount/.rvm/gems/ruby-2.6.1/gems/actionpack-5.0.7.2/lib/action_dispatch/middleware/templates/rescues/_source.html.erb (2.7ms)
  Rendering /Users/flatironstudentaccount/.rvm/gems/ruby-2.6.1/gems/actionpack-5.0.7.2/lib/action_dispatch/middleware/templates/rescues/_trace.html.erb
  Rendered /Users/flatironstudentaccount/.rvm/gems/ruby-2.6.1/gems/actionpack-5.0.7.2/lib/action_dispatch/middleware/templates/rescues/_trace.html.erb (1.4ms)
  Rendering /Users/flatironstudentaccount/.rvm/gems/ruby-2.6.1/gems/actionpack-5.0.7.2/lib/action_dispatch/middleware/templates/rescues/_request_and_response.html.erb
  Rendered /Users/flatironstudentaccount/.rvm/gems/ruby-2.6.1/gems/actionpack-5.0.7.2/lib/action_dispatch/middleware/templates/rescues/_request_and_response.html.erb (1.8ms)
  Rendered /Users/flatironstudentaccount/.rvm/gems/ruby-2.6.1/gems/actionpack-5.0.7.2/lib/action_dispatch/middleware/templates/rescues/diagnostics.html.erb within rescues/layout (22.2ms)
Started GET "/index" for ::1 at 2019-04-26 15:11:05 -0500
Processing by StudentsController#index as HTML
  Rendering students/index.html.erb within layouts/application
  Rendered students/index.html.erb within layouts/application (0.5ms)
Completed 500 Internal Server Error in 4ms (ActiveRecord: 0.0ms)


  
SyntaxError (/Users/flatironstudentaccount/Development/Module 2/rest/rails-restful-index-action-lab-houston-web-career-040119/app/views/students/index.html.erb:3: syntax error, unexpected ensure, expecting end-of-input
          ensure
          ^~~~~~):
  
app/views/students/index.html.erb:3: syntax error, unexpected ensure, expecting end-of-input
  Rendering /Users/flatironstudentaccount/.rvm/gems/ruby-2.6.1/gems/actionpack-5.0.7.2/lib/action_dispatch/middleware/templates/rescues/diagnostics.html.erb within rescues/layout
  Rendering /Users/flatironstudentaccount/.rvm/gems/ruby-2.6.1/gems/actionpack-5.0.7.2/lib/action_dispatch/middleware/templates/rescues/_source.html.erb
  Rendered /Users/flatironstudentaccount/.rvm/gems/ruby-2.6.1/gems/actionpack-5.0.7.2/lib/action_dispatch/middleware/templates/rescues/_source.html.erb (2.8ms)
  Rendering /Users/flatironstudentaccount/.rvm/gems/ruby-2.6.1/gems/actionpack-5.0.7.2/lib/action_dispatch/middleware/templates/rescues/_trace.html.erb
  Rendered /Users/flatironstudentaccount/.rvm/gems/ruby-2.6.1/gems/actionpack-5.0.7.2/lib/action_dispatch/middleware/templates/rescues/_trace.html.erb (1.9ms)
  Rendering /Users/flatironstudentaccount/.rvm/gems/ruby-2.6.1/gems/actionpack-5.0.7.2/lib/action_dispatch/middleware/templates/rescues/_request_and_response.html.erb
  Rendered /Users/flatironstudentaccount/.rvm/gems/ruby-2.6.1/gems/actionpack-5.0.7.2/lib/action_dispatch/middleware/templates/rescues/_request_and_response.html.erb (0.6ms)
  Rendered /Users/flatironstudentaccount/.rvm/gems/ruby-2.6.1/gems/actionpack-5.0.7.2/lib/action_dispatch/middleware/templates/rescues/diagnostics.html.erb within rescues/layout (19.0ms)
Started GET "/index" for ::1 at 2019-04-26 15:11:28 -0500
Processing by StudentsController#index as HTML
  Rendering students/index.html.erb within layouts/application
  Rendered students/index.html.erb within layouts/application (0.5ms)
Completed 500 Internal Server Error in 5ms (ActiveRecord: 0.0ms)


  
SyntaxError (/Users/flatironstudentaccount/Development/Module 2/rest/rails-restful-index-action-lab-houston-web-career-040119/app/views/students/index.html.erb:3: syntax error, unexpected ensure, expecting end-of-input
          ensure
          ^~~~~~):
  
app/views/students/index.html.erb:3: syntax error, unexpected ensure, expecting end-of-input
  Rendering /Users/flatironstudentaccount/.rvm/gems/ruby-2.6.1/gems/actionpack-5.0.7.2/lib/action_dispatch/middleware/templates/rescues/diagnostics.html.erb within rescues/layout
  Rendering /Users/flatironstudentaccount/.rvm/gems/ruby-2.6.1/gems/actionpack-5.0.7.2/lib/action_dispatch/middleware/templates/rescues/_source.html.erb
  Rendered /Users/flatironstudentaccount/.rvm/gems/ruby-2.6.1/gems/actionpack-5.0.7.2/lib/action_dispatch/middleware/templates/rescues/_source.html.erb (3.6ms)
  Rendering /Users/flatironstudentaccount/.rvm/gems/ruby-2.6.1/gems/actionpack-5.0.7.2/lib/action_dispatch/middleware/templates/rescues/_trace.html.erb
  Rendered /Users/flatironstudentaccount/.rvm/gems/ruby-2.6.1/gems/actionpack-5.0.7.2/lib/action_dispatch/middleware/templates/rescues/_trace.html.erb (1.7ms)
  Rendering /Users/flatironstudentaccount/.rvm/gems/ruby-2.6.1/gems/actionpack-5.0.7.2/lib/action_dispatch/middleware/templates/rescues/_request_and_response.html.erb
  Rendered /Users/flatironstudentaccount/.rvm/gems/ruby-2.6.1/gems/actionpack-5.0.7.2/lib/action_dispatch/middleware/templates/rescues/_request_and_response.html.erb (0.7ms)
  Rendered /Users/flatironstudentaccount/.rvm/gems/ruby-2.6.1/gems/actionpack-5.0.7.2/lib/action_dispatch/middleware/templates/rescues/diagnostics.html.erb within rescues/layout (20.8ms)
Started GET "/index" for ::1 at 2019-04-26 15:11:43 -0500
Processing by StudentsController#index as HTML
  Rendering students/index.html.erb within layouts/application
  Rendered students/index.html.erb within layouts/application (0.6ms)
Completed 500 Internal Server Error in 5ms (ActiveRecord: 0.0ms)


  
SyntaxError (/Users/flatironstudentaccount/Development/Module 2/rest/rails-restful-index-action-lab-houston-web-career-040119/app/views/students/index.html.erb:3: syntax error, unexpected end, expecting end-of-input
end;@output_buffer.to_s
^~~):
  
app/views/students/index.html.erb:3: syntax error, unexpected end, expecting end-of-input
  Rendering /Users/flatironstudentaccount/.rvm/gems/ruby-2.6.1/gems/actionpack-5.0.7.2/lib/action_dispatch/middleware/templates/rescues/diagnostics.html.erb within rescues/layout
  Rendering /Users/flatironstudentaccount/.rvm/gems/ruby-2.6.1/gems/actionpack-5.0.7.2/lib/action_dispatch/middleware/templates/rescues/_source.html.erb
  Rendered /Users/flatironstudentaccount/.rvm/gems/ruby-2.6.1/gems/actionpack-5.0.7.2/lib/action_dispatch/middleware/templates/rescues/_source.html.erb (2.6ms)
  Rendering /Users/flatironstudentaccount/.rvm/gems/ruby-2.6.1/gems/actionpack-5.0.7.2/lib/action_dispatch/middleware/templates/rescues/_trace.html.erb
  Rendered /Users/flatironstudentaccount/.rvm/gems/ruby-2.6.1/gems/actionpack-5.0.7.2/lib/action_dispatch/middleware/templates/rescues/_trace.html.erb (1.6ms)
  Rendering /Users/flatironstudentaccount/.rvm/gems/ruby-2.6.1/gems/actionpack-5.0.7.2/lib/action_dispatch/middleware/templates/rescues/_request_and_response.html.erb
  Rendered /Users/flatironstudentaccount/.rvm/gems/ruby-2.6.1/gems/actionpack-5.0.7.2/lib/action_dispatch/middleware/templates/rescues/_request_and_response.html.erb (0.8ms)
  Rendered /Users/flatironstudentaccount/.rvm/gems/ruby-2.6.1/gems/actionpack-5.0.7.2/lib/action_dispatch/middleware/templates/rescues/diagnostics.html.erb within rescues/layout (18.4ms)
Started GET "/index" for ::1 at 2019-04-26 15:12:00 -0500
Processing by StudentsController#index as HTML
  Rendering students/index.html.erb within layouts/application
  Rendered students/index.html.erb within layouts/application (0.6ms)
Completed 500 Internal Server Error in 4ms (ActiveRecord: 0.0ms)


  
SyntaxError (/Users/flatironstudentaccount/Development/Module 2/rest/rails-restful-index-action-lab-houston-web-career-040119/app/views/students/index.html.erb:4: syntax error, unexpected ensure, expecting end-of-input
          ensure
          ^~~~~~):
  
app/views/students/index.html.erb:4: syntax error, unexpected ensure, expecting end-of-input
  Rendering /Users/flatironstudentaccount/.rvm/gems/ruby-2.6.1/gems/actionpack-5.0.7.2/lib/action_dispatch/middleware/templates/rescues/diagnostics.html.erb within rescues/layout
  Rendering /Users/flatironstudentaccount/.rvm/gems/ruby-2.6.1/gems/actionpack-5.0.7.2/lib/action_dispatch/middleware/templates/rescues/_source.html.erb
  Rendered /Users/flatironstudentaccount/.rvm/gems/ruby-2.6.1/gems/actionpack-5.0.7.2/lib/action_dispatch/middleware/templates/rescues/_source.html.erb (3.0ms)
  Rendering /Users/flatironstudentaccount/.rvm/gems/ruby-2.6.1/gems/actionpack-5.0.7.2/lib/action_dispatch/middleware/templates/rescues/_trace.html.erb
  Rendered /Users/flatironstudentaccount/.rvm/gems/ruby-2.6.1/gems/actionpack-5.0.7.2/lib/action_dispatch/middleware/templates/rescues/_trace.html.erb (1.5ms)
  Rendering /Users/flatironstudentaccount/.rvm/gems/ruby-2.6.1/gems/actionpack-5.0.7.2/lib/action_dispatch/middleware/templates/rescues/_request_and_response.html.erb
  Rendered /Users/flatironstudentaccount/.rvm/gems/ruby-2.6.1/gems/actionpack-5.0.7.2/lib/action_dispatch/middleware/templates/rescues/_request_and_response.html.erb (1.0ms)
  Rendered /Users/flatironstudentaccount/.rvm/gems/ruby-2.6.1/gems/actionpack-5.0.7.2/lib/action_dispatch/middleware/templates/rescues/diagnostics.html.erb within rescues/layout (19.8ms)
Started GET "/index" for ::1 at 2019-04-26 15:12:13 -0500
Processing by StudentsController#index as HTML
  Rendering students/index.html.erb within layouts/application
  Rendered students/index.html.erb within layouts/application (2.0ms)
Completed 500 Internal Server Error in 6ms (ActiveRecord: 0.0ms)


  
ActionView::Template::Error (undefined method `each' for nil:NilClass):
    1: <%=@Students.each {|student| puts student.to_s "\n"}%>
  
app/views/students/index.html.erb:1:in `_app_views_students_index_html_erb__3964343882832732985_70232499743900'
  Rendering /Users/flatironstudentaccount/.rvm/gems/ruby-2.6.1/gems/actionpack-5.0.7.2/lib/action_dispatch/middleware/templates/rescues/template_error.html.erb within rescues/layout
  Rendering /Users/flatironstudentaccount/.rvm/gems/ruby-2.6.1/gems/actionpack-5.0.7.2/lib/action_dispatch/middleware/templates/rescues/_source.html.erb
  Rendered /Users/flatironstudentaccount/.rvm/gems/ruby-2.6.1/gems/actionpack-5.0.7.2/lib/action_dispatch/middleware/templates/rescues/_source.html.erb (2.4ms)
  Rendering /Users/flatironstudentaccount/.rvm/gems/ruby-2.6.1/gems/actionpack-5.0.7.2/lib/action_dispatch/middleware/templates/rescues/_trace.html.erb
  Rendered /Users/flatironstudentaccount/.rvm/gems/ruby-2.6.1/gems/actionpack-5.0.7.2/lib/action_dispatch/middleware/templates/rescues/_trace.html.erb (1.3ms)
  Rendering /Users/flatironstudentaccount/.rvm/gems/ruby-2.6.1/gems/actionpack-5.0.7.2/lib/action_dispatch/middleware/templates/rescues/_request_and_response.html.erb
  Rendered /Users/flatironstudentaccount/.rvm/gems/ruby-2.6.1/gems/actionpack-5.0.7.2/lib/action_dispatch/middleware/templates/rescues/_request_and_response.html.erb (0.6ms)
  Rendered /Users/flatironstudentaccount/.rvm/gems/ruby-2.6.1/gems/actionpack-5.0.7.2/lib/action_dispatch/middleware/templates/rescues/template_error.html.erb within rescues/layout (18.2ms)
Started GET "/index" for ::1 at 2019-04-26 15:12:44 -0500
Processing by StudentsController#index as HTML
  Rendering students/index.html.erb within layouts/application
  Rendered students/index.html.erb within layouts/application (0.5ms)
Completed 500 Internal Server Error in 5ms (ActiveRecord: 0.0ms)


  
SyntaxError (/Users/flatironstudentaccount/Development/Module 2/rest/rails-restful-index-action-lab-houston-web-career-040119/app/views/students/index.html.erb:4: syntax error, unexpected ensure, expecting end-of-input
          ensure
          ^~~~~~):
  
app/views/students/index.html.erb:4: syntax error, unexpected ensure, expecting end-of-input
  Rendering /Users/flatironstudentaccount/.rvm/gems/ruby-2.6.1/gems/actionpack-5.0.7.2/lib/action_dispatch/middleware/templates/rescues/diagnostics.html.erb within rescues/layout
  Rendering /Users/flatironstudentaccount/.rvm/gems/ruby-2.6.1/gems/actionpack-5.0.7.2/lib/action_dispatch/middleware/templates/rescues/_source.html.erb
  Rendered /Users/flatironstudentaccount/.rvm/gems/ruby-2.6.1/gems/actionpack-5.0.7.2/lib/action_dispatch/middleware/templates/rescues/_source.html.erb (3.2ms)
  Rendering /Users/flatironstudentaccount/.rvm/gems/ruby-2.6.1/gems/actionpack-5.0.7.2/lib/action_dispatch/middleware/templates/rescues/_trace.html.erb
  Rendered /Users/flatironstudentaccount/.rvm/gems/ruby-2.6.1/gems/actionpack-5.0.7.2/lib/action_dispatch/middleware/templates/rescues/_trace.html.erb (1.7ms)
  Rendering /Users/flatironstudentaccount/.rvm/gems/ruby-2.6.1/gems/actionpack-5.0.7.2/lib/action_dispatch/middleware/templates/rescues/_request_and_response.html.erb
  Rendered /Users/flatironstudentaccount/.rvm/gems/ruby-2.6.1/gems/actionpack-5.0.7.2/lib/action_dispatch/middleware/templates/rescues/_request_and_response.html.erb (0.9ms)
  Rendered /Users/flatironstudentaccount/.rvm/gems/ruby-2.6.1/gems/actionpack-5.0.7.2/lib/action_dispatch/middleware/templates/rescues/diagnostics.html.erb within rescues/layout (20.2ms)
Started GET "/index" for ::1 at 2019-04-26 15:12:51 -0500
Processing by StudentsController#index as HTML
  Rendering students/index.html.erb within layouts/application
  [1m[36mStudent Load (0.9ms)[0m  [1m[34mSELECT "students".* FROM "students"[0m
  Rendered students/index.html.erb within layouts/application (9.2ms)
Completed 500 Internal Server Error in 13ms (ActiveRecord: 1.9ms)


  
ActionView::Template::Error (wrong number of arguments (given 1, expected 0)):
    1: <%=@students.each {|student| puts student.to_s "\n"}%>
  
app/models/student.rb:2:in `to_s'
app/views/students/index.html.erb:1:in `block in _app_views_students_index_html_erb__3964343882832732985_70232506567860'
app/views/students/index.html.erb:1:in `_app_views_students_index_html_erb__3964343882832732985_70232506567860'
  Rendering /Users/flatironstudentaccount/.rvm/gems/ruby-2.6.1/gems/actionpack-5.0.7.2/lib/action_dispatch/middleware/templates/rescues/template_error.html.erb within rescues/layout
  Rendering /Users/flatironstudentaccount/.rvm/gems/ruby-2.6.1/gems/actionpack-5.0.7.2/lib/action_dispatch/middleware/templates/rescues/_source.html.erb
  Rendered /Users/flatironstudentaccount/.rvm/gems/ruby-2.6.1/gems/actionpack-5.0.7.2/lib/action_dispatch/middleware/templates/rescues/_source.html.erb (2.6ms)
  Rendering /Users/flatironstudentaccount/.rvm/gems/ruby-2.6.1/gems/actionpack-5.0.7.2/lib/action_dispatch/middleware/templates/rescues/_trace.html.erb
  Rendered /Users/flatironstudentaccount/.rvm/gems/ruby-2.6.1/gems/actionpack-5.0.7.2/lib/action_dispatch/middleware/templates/rescues/_trace.html.erb (2.8ms)
  Rendering /Users/flatironstudentaccount/.rvm/gems/ruby-2.6.1/gems/actionpack-5.0.7.2/lib/action_dispatch/middleware/templates/rescues/_request_and_response.html.erb
  Rendered /Users/flatironstudentaccount/.rvm/gems/ruby-2.6.1/gems/actionpack-5.0.7.2/lib/action_dispatch/middleware/templates/rescues/_request_and_response.html.erb (0.8ms)
  Rendered /Users/flatironstudentaccount/.rvm/gems/ruby-2.6.1/gems/actionpack-5.0.7.2/lib/action_dispatch/middleware/templates/rescues/template_error.html.erb within rescues/layout (21.9ms)
Started GET "/index" for ::1 at 2019-04-26 15:14:51 -0500
Processing by StudentsController#index as HTML
  Rendering students/index.html.erb within layouts/application
  [1m[36mStudent Load (0.2ms)[0m  [1m[34mSELECT "students".* FROM "students"[0m
  Rendered students/index.html.erb within layouts/application (20.8ms)
Completed 500 Internal Server Error in 25ms (ActiveRecord: 0.2ms)


  
ActionView::Template::Error (undefined method `student' for #<#<Class:0x00007fc08ec58d10>:0x00007fc08f3310b0>):
    1: <%=@students.each {|student| puts student "\n"}%>
  
app/views/students/index.html.erb:1:in `block in _app_views_students_index_html_erb__3964343882832732985_70232506469520'
app/views/students/index.html.erb:1:in `_app_views_students_index_html_erb__3964343882832732985_70232506469520'
  Rendering /Users/flatironstudentaccount/.rvm/gems/ruby-2.6.1/gems/actionpack-5.0.7.2/lib/action_dispatch/middleware/templates/rescues/template_error.html.erb within rescues/layout
  Rendering /Users/flatironstudentaccount/.rvm/gems/ruby-2.6.1/gems/actionpack-5.0.7.2/lib/action_dispatch/middleware/templates/rescues/_source.html.erb
  Rendered /Users/flatironstudentaccount/.rvm/gems/ruby-2.6.1/gems/actionpack-5.0.7.2/lib/action_dispatch/middleware/templates/rescues/_source.html.erb (4.9ms)
  Rendering /Users/flatironstudentaccount/.rvm/gems/ruby-2.6.1/gems/actionpack-5.0.7.2/lib/action_dispatch/middleware/templates/rescues/_trace.html.erb
  Rendered /Users/flatironstudentaccount/.rvm/gems/ruby-2.6.1/gems/actionpack-5.0.7.2/lib/action_dispatch/middleware/templates/rescues/_trace.html.erb (1.2ms)
  Rendering /Users/flatironstudentaccount/.rvm/gems/ruby-2.6.1/gems/actionpack-5.0.7.2/lib/action_dispatch/middleware/templates/rescues/_request_and_response.html.erb
  Rendered /Users/flatironstudentaccount/.rvm/gems/ruby-2.6.1/gems/actionpack-5.0.7.2/lib/action_dispatch/middleware/templates/rescues/_request_and_response.html.erb (0.8ms)
  Rendered /Users/flatironstudentaccount/.rvm/gems/ruby-2.6.1/gems/actionpack-5.0.7.2/lib/action_dispatch/middleware/templates/rescues/template_error.html.erb within rescues/layout (23.9ms)
Started GET "/index" for ::1 at 2019-04-26 15:16:14 -0500
Processing by StudentsController#index as HTML
  Rendering students/index.html.erb within layouts/application
  [1m[36mStudent Load (0.2ms)[0m  [1m[34mSELECT "students".* FROM "students"[0m
  Rendered students/index.html.erb within layouts/application (2.1ms)
Completed 200 OK in 562ms (Views: 560.2ms | ActiveRecord: 0.2ms)


Started GET "/index" for ::1 at 2019-04-26 15:16:50 -0500
Processing by StudentsController#index as HTML
  Rendering students/index.html.erb within layouts/application
  [1m[36mStudent Load (0.3ms)[0m  [1m[34mSELECT "students".* FROM "students"[0m
  Rendered students/index.html.erb within layouts/application (1.5ms)
Completed 200 OK in 21ms (Views: 18.4ms | ActiveRecord: 0.3ms)


Started GET "/index" for ::1 at 2019-04-26 15:18:27 -0500
Processing by StudentsController#index as HTML
  Rendering students/index.html.erb within layouts/application
  [1m[36mStudent Load (0.2ms)[0m  [1m[34mSELECT "students".* FROM "students"[0m
  Rendered students/index.html.erb within layouts/application (1.3ms)
Completed 200 OK in 22ms (Views: 20.3ms | ActiveRecord: 0.2ms)


Started GET "/index" for ::1 at 2019-04-26 15:18:51 -0500
Processing by StudentsController#index as HTML
  Rendering students/index.html.erb within layouts/application
  [1m[36mStudent Load (0.2ms)[0m  [1m[34mSELECT "students".* FROM "students"[0m
  Rendered students/index.html.erb within layouts/application (1.2ms)
Completed 200 OK in 26ms (Views: 23.3ms | ActiveRecord: 0.2ms)


Started GET "/index" for ::1 at 2019-04-26 15:19:30 -0500
Processing by StudentsController#index as HTML
  Rendering students/index.html.erb within layouts/application
  Rendered students/index.html.erb within layouts/application (0.5ms)
Completed 500 Internal Server Error in 5ms (ActiveRecord: 0.0ms)


  
SyntaxError (/Users/flatironstudentaccount/Development/Module 2/rest/rails-restful-index-action-lab-houston-web-career-040119/app/views/students/index.html.erb:5: syntax error, unexpected '<'
...eeze;@students.map {|student| <%=student.to_s;@output_buffer...
...                              ^
/Users/flatironstudentaccount/Development/Module 2/rest/rails-restful-index-action-lab-houston-web-career-040119/app/views/students/index.html.erb:7: syntax error, unexpected ensure, expecting '}'
          ensure
          ^~~~~~):
  
app/views/students/index.html.erb:5: syntax error, unexpected '<'
app/views/students/index.html.erb:7: syntax error, unexpected ensure, expecting '}'
  Rendering /Users/flatironstudentaccount/.rvm/gems/ruby-2.6.1/gems/actionpack-5.0.7.2/lib/action_dispatch/middleware/templates/rescues/diagnostics.html.erb within rescues/layout
  Rendering /Users/flatironstudentaccount/.rvm/gems/ruby-2.6.1/gems/actionpack-5.0.7.2/lib/action_dispatch/middleware/templates/rescues/_source.html.erb
  Rendered /Users/flatironstudentaccount/.rvm/gems/ruby-2.6.1/gems/actionpack-5.0.7.2/lib/action_dispatch/middleware/templates/rescues/_source.html.erb (2.8ms)
  Rendering /Users/flatironstudentaccount/.rvm/gems/ruby-2.6.1/gems/actionpack-5.0.7.2/lib/action_dispatch/middleware/templates/rescues/_trace.html.erb
  Rendered /Users/flatironstudentaccount/.rvm/gems/ruby-2.6.1/gems/actionpack-5.0.7.2/lib/action_dispatch/middleware/templates/rescues/_trace.html.erb (1.8ms)
  Rendering /Users/flatironstudentaccount/.rvm/gems/ruby-2.6.1/gems/actionpack-5.0.7.2/lib/action_dispatch/middleware/templates/rescues/_request_and_response.html.erb
  Rendered /Users/flatironstudentaccount/.rvm/gems/ruby-2.6.1/gems/actionpack-5.0.7.2/lib/action_dispatch/middleware/templates/rescues/_request_and_response.html.erb (0.8ms)
  Rendered /Users/flatironstudentaccount/.rvm/gems/ruby-2.6.1/gems/actionpack-5.0.7.2/lib/action_dispatch/middleware/templates/rescues/diagnostics.html.erb within rescues/layout (20.0ms)
Started GET "/index" for ::1 at 2019-04-26 15:19:55 -0500
Processing by StudentsController#index as HTML
  Rendering students/index.html.erb within layouts/application
  [1m[36mStudent Load (0.3ms)[0m  [1m[34mSELECT "students".* FROM "students"[0m
  Rendered students/index.html.erb within layouts/application (1.4ms)
Completed 200 OK in 16ms (Views: 13.6ms | ActiveRecord: 0.3ms)


Started GET "/index" for ::1 at 2019-04-26 15:20:05 -0500
Processing by StudentsController#index as HTML
  Rendering students/index.html.erb within layouts/application
  [1m[36mStudent Load (0.2ms)[0m  [1m[34mSELECT "students".* FROM "students"[0m
  Rendered students/index.html.erb within layouts/application (2.7ms)
Completed 500 Internal Server Error in 7ms (ActiveRecord: 0.2ms)


  
ActionView::Template::Error (wrong number of arguments (given 1, expected 0)):
    1: <%@students.each do |student|%>
    2:   <%=student.to_s "\n"%>
    3: <%end%>
  
app/models/student.rb:2:in `to_s'
app/views/students/index.html.erb:2:in `block in _app_views_students_index_html_erb__3964343882832732985_70232507798820'
app/views/students/index.html.erb:1:in `_app_views_students_index_html_erb__3964343882832732985_70232507798820'
  Rendering /Users/flatironstudentaccount/.rvm/gems/ruby-2.6.1/gems/actionpack-5.0.7.2/lib/action_dispatch/middleware/templates/rescues/template_error.html.erb within rescues/layout
  Rendering /Users/flatironstudentaccount/.rvm/gems/ruby-2.6.1/gems/actionpack-5.0.7.2/lib/action_dispatch/middleware/templates/rescues/_source.html.erb
  Rendered /Users/flatironstudentaccount/.rvm/gems/ruby-2.6.1/gems/actionpack-5.0.7.2/lib/action_dispatch/middleware/templates/rescues/_source.html.erb (2.7ms)
  Rendering /Users/flatironstudentaccount/.rvm/gems/ruby-2.6.1/gems/actionpack-5.0.7.2/lib/action_dispatch/middleware/templates/rescues/_trace.html.erb
  Rendered /Users/flatironstudentaccount/.rvm/gems/ruby-2.6.1/gems/actionpack-5.0.7.2/lib/action_dispatch/middleware/templates/rescues/_trace.html.erb (2.3ms)
  Rendering /Users/flatironstudentaccount/.rvm/gems/ruby-2.6.1/gems/actionpack-5.0.7.2/lib/action_dispatch/middleware/templates/rescues/_request_and_response.html.erb
  Rendered /Users/flatironstudentaccount/.rvm/gems/ruby-2.6.1/gems/actionpack-5.0.7.2/lib/action_dispatch/middleware/templates/rescues/_request_and_response.html.erb (0.8ms)
  Rendered /Users/flatironstudentaccount/.rvm/gems/ruby-2.6.1/gems/actionpack-5.0.7.2/lib/action_dispatch/middleware/templates/rescues/template_error.html.erb within rescues/layout (24.1ms)
Started GET "/index" for ::1 at 2019-04-26 15:20:19 -0500
Processing by StudentsController#index as HTML
  Rendering students/index.html.erb within layouts/application
  [1m[36mStudent Load (0.2ms)[0m  [1m[34mSELECT "students".* FROM "students"[0m
  Rendered students/index.html.erb within layouts/application (1.4ms)
Completed 200 OK in 21ms (Views: 18.7ms | ActiveRecord: 0.2ms)


Started GET "/index" for ::1 at 2019-04-26 15:20:30 -0500
Processing by StudentsController#index as HTML
  Rendering students/index.html.erb within layouts/application
  Rendered students/index.html.erb within layouts/application (0.6ms)
Completed 500 Internal Server Error in 5ms (ActiveRecord: 0.0ms)


  
SyntaxError (/Users/flatironstudentaccount/Development/Module 2/rest/rails-restful-index-action-lab-houston-web-career-040119/app/views/students/index.html.erb:2: syntax error, unexpected backslash
...t_buffer.append=(student.to_s \n);@output_buffer.safe_append...
...                              ^):
  
app/views/students/index.html.erb:2: syntax error, unexpected backslash
  Rendering /Users/flatironstudentaccount/.rvm/gems/ruby-2.6.1/gems/actionpack-5.0.7.2/lib/action_dispatch/middleware/templates/rescues/diagnostics.html.erb within rescues/layout
  Rendering /Users/flatironstudentaccount/.rvm/gems/ruby-2.6.1/gems/actionpack-5.0.7.2/lib/action_dispatch/middleware/templates/rescues/_source.html.erb
  Rendered /Users/flatironstudentaccount/.rvm/gems/ruby-2.6.1/gems/actionpack-5.0.7.2/lib/action_dispatch/middleware/templates/rescues/_source.html.erb (5.9ms)
  Rendering /Users/flatironstudentaccount/.rvm/gems/ruby-2.6.1/gems/actionpack-5.0.7.2/lib/action_dispatch/middleware/templates/rescues/_trace.html.erb
  Rendered /Users/flatironstudentaccount/.rvm/gems/ruby-2.6.1/gems/actionpack-5.0.7.2/lib/action_dispatch/middleware/templates/rescues/_trace.html.erb (1.9ms)
  Rendering /Users/flatironstudentaccount/.rvm/gems/ruby-2.6.1/gems/actionpack-5.0.7.2/lib/action_dispatch/middleware/templates/rescues/_request_and_response.html.erb
  Rendered /Users/flatironstudentaccount/.rvm/gems/ruby-2.6.1/gems/actionpack-5.0.7.2/lib/action_dispatch/middleware/templates/rescues/_request_and_response.html.erb (1.4ms)
  Rendered /Users/flatironstudentaccount/.rvm/gems/ruby-2.6.1/gems/actionpack-5.0.7.2/lib/action_dispatch/middleware/templates/rescues/diagnostics.html.erb within rescues/layout (29.6ms)
Started GET "/index" for ::1 at 2019-04-26 15:20:45 -0500
Processing by StudentsController#index as HTML
  Rendering students/index.html.erb within layouts/application
  [1m[36mStudent Load (0.2ms)[0m  [1m[34mSELECT "students".* FROM "students"[0m
  Rendered students/index.html.erb within layouts/application (1.3ms)
Completed 200 OK in 18ms (Views: 15.5ms | ActiveRecord: 0.2ms)


Started GET "/students" for ::1 at 2019-04-26 15:22:21 -0500
  [1m[36mActiveRecord::SchemaMigration Load (1.2ms)[0m  [1m[34mSELECT "schema_migrations".* FROM "schema_migrations"[0m
Processing by StudentsController#index as HTML
  Rendering students/index.html.erb within layouts/application
  [1m[36mStudent Load (0.2ms)[0m  [1m[34mSELECT "students".* FROM "students"[0m
  Rendered students/index.html.erb within layouts/application (9.1ms)
Completed 200 OK in 216ms (Views: 203.3ms | ActiveRecord: 1.1ms)


